<?xml version="1.0" ?>
<coverage version="7.6.1" timestamp="1738056290743" lines-valid="81" lines-covered="76" line-rate="0.9383" branches-covered="0" branches-valid="0" branch-rate="0" complexity="0">
	<!-- Generated by coverage.py: https://coverage.readthedocs.io/en/7.6.1 -->
	<!-- Based on https://raw.githubusercontent.com/cobertura/web/master/htdocs/xml/coverage-04.dtd -->
	<sources>
		<source>/home/ubuntu/RSE_godd_practices/src/bookstore</source>
	</sources>
	<packages>
		<package name="." line-rate="1" branch-rate="0" complexity="0">
			<classes>
				<class name="__init__.py" filename="__init__.py" complexity="0" line-rate="1" branch-rate="0">
					<methods/>
					<lines>
						<line number="13" hits="1"/>
						<line number="14" hits="1"/>
						<line number="15" hits="1"/>
						<line number="23" hits="1"/>
						<line number="25" hits="1"/>
					</lines>
				</class>
			</classes>
		</package>
		<package name="exceptions" line-rate="0.9231" branch-rate="0" complexity="0">
			<classes>
				<class name="__init__.py" filename="exceptions/__init__.py" complexity="0" line-rate="1" branch-rate="0">
					<methods/>
					<lines/>
				</class>
				<class name="book_exceptions.py" filename="exceptions/book_exceptions.py" complexity="0" line-rate="0.9231" branch-rate="0">
					<methods/>
					<lines>
						<line number="4" hits="1"/>
						<line number="8" hits="1"/>
						<line number="11" hits="1"/>
						<line number="18" hits="0"/>
						<line number="21" hits="1"/>
						<line number="24" hits="1"/>
						<line number="31" hits="1"/>
						<line number="34" hits="1"/>
						<line number="37" hits="1"/>
						<line number="45" hits="1"/>
						<line number="48" hits="1"/>
						<line number="51" hits="1"/>
						<line number="59" hits="1"/>
					</lines>
				</class>
			</classes>
		</package>
		<package name="models" line-rate="0.96" branch-rate="0" complexity="0">
			<classes>
				<class name="__init__.py" filename="models/__init__.py" complexity="0" line-rate="1" branch-rate="0">
					<methods/>
					<lines/>
				</class>
				<class name="book.py" filename="models/book.py" complexity="0" line-rate="0.96" branch-rate="0">
					<methods/>
					<lines>
						<line number="3" hits="1"/>
						<line number="4" hits="1"/>
						<line number="5" hits="1"/>
						<line number="7" hits="1"/>
						<line number="10" hits="1"/>
						<line number="11" hits="1"/>
						<line number="37" hits="1"/>
						<line number="38" hits="1"/>
						<line number="39" hits="1"/>
						<line number="40" hits="1"/>
						<line number="41" hits="1"/>
						<line number="42" hits="1"/>
						<line number="44" hits="1"/>
						<line number="51" hits="1"/>
						<line number="52" hits="1"/>
						<line number="54" hits="1"/>
						<line number="62" hits="1"/>
						<line number="63" hits="1"/>
						<line number="64" hits="1"/>
						<line number="66" hits="1"/>
						<line number="73" hits="1"/>
						<line number="74" hits="1"/>
						<line number="75" hits="1"/>
						<line number="80" hits="1"/>
						<line number="94" hits="0"/>
					</lines>
				</class>
			</classes>
		</package>
		<package name="repositories" line-rate="0.9211" branch-rate="0" complexity="0">
			<classes>
				<class name="__init__.py" filename="repositories/__init__.py" complexity="0" line-rate="1" branch-rate="0">
					<methods/>
					<lines/>
				</class>
				<class name="book_repository.py" filename="repositories/book_repository.py" complexity="0" line-rate="0.9211" branch-rate="0">
					<methods/>
					<lines>
						<line number="3" hits="1"/>
						<line number="4" hits="1"/>
						<line number="6" hits="1"/>
						<line number="7" hits="1"/>
						<line number="10" hits="1"/>
						<line number="19" hits="1"/>
						<line number="21" hits="0"/>
						<line number="23" hits="1"/>
						<line number="25" hits="0"/>
						<line number="27" hits="1"/>
						<line number="29" hits="0"/>
						<line number="32" hits="1"/>
						<line number="40" hits="1"/>
						<line number="41" hits="1"/>
						<line number="43" hits="1"/>
						<line number="45" hits="1"/>
						<line number="47" hits="1"/>
						<line number="49" hits="1"/>
						<line number="51" hits="1"/>
						<line number="53" hits="1"/>
						<line number="56" hits="1"/>
						<line number="82" hits="1"/>
						<line number="90" hits="1"/>
						<line number="92" hits="1"/>
						<line number="102" hits="1"/>
						<line number="103" hits="1"/>
						<line number="105" hits="1"/>
						<line number="107" hits="1"/>
						<line number="117" hits="1"/>
						<line number="118" hits="1"/>
						<line number="120" hits="1"/>
						<line number="127" hits="1"/>
						<line number="129" hits="1"/>
						<line number="130" hits="1"/>
						<line number="132" hits="1"/>
						<line number="141" hits="1"/>
						<line number="142" hits="1"/>
						<line number="144" hits="1"/>
					</lines>
				</class>
			</classes>
		</package>
	</packages>
</coverage>
